<?xml version="1.0" encoding="UTF-8"?>
<!-- Generated by org.testng.reporters.JUnitReportReporter -->
<testsuite hostname="YASH" failures="0" tests="1" name="appiumProject.AppTest" time="45.543" errors="0" timestamp="2024-02-18T12:33:26 IST" skipped="0">
  <testcase classname="appiumProject.AppTest" name="TestApp" time="45.543"/>
  <system-out/>
</testsuite> <!-- appiumProject.AppTest -->
